#
# A fatal error has been detected by the Java Runtime Environment:
#
#  EXCEPTION_ACCESS_VIOLATION (0xc0000005) at pc=0x00000000534dc145, pid=21464, tid=0x0000000000002cd0
#
# JRE version: Java(TM) SE Runtime Environment (8.0_161-b12) (build 1.8.0_161-b12)
# Java VM: Java HotSpot(TM) 64-Bit Server VM (25.161-b12 mixed mode windows-amd64 compressed oops)
# Problematic frame:
# C  [MSVCR100.dll+0x3c145]
#
# Failed to write core dump. Minidumps are not enabled by default on client versions of Windows
#
# If you would like to submit a bug report, please visit:
#   http://bugreport.java.com/bugreport/crash.jsp
#

---------------  T H R E A D  ---------------

Current thread (0x00000000229f9800):  JavaThread "System clipboard synchronizer" daemon [_thread_in_vm, id=11472, stack(0x0000000063380000,0x0000000063580000)]

siginfo: ExceptionCode=0xc0000005, reading address 0x0000000000258d98

Registers:
RAX=0x0000000000000010, RBX=0x00000000229f9800, RCX=0x00000000ef1e5180, RDX=0xffffffff11073c18
RSP=0x000000006357f1b8, RBP=0x000000001a79eac0, RSI=0x0000000000000000, RDI=0x0000000000258d9c
R8 =0x0000000000258d9c, R9 =0x00000000eef8c3d8, R10=0x000000000000000c, R11=0x00000000eef8c3e8
R12=0x0000000000000008, R13=0x0000000000000000, R14=0x0000000000258d9c, R15=0x00000000229f9800
RIP=0x00000000534dc145, EFLAGS=0x0000000000010202

Top of Stack: (sp=0x000000006357f1b8)
0x000000006357f1b8:   00000000536dc501 00003c554fac873d
0x000000006357f1c8:   00000000536c133d 0000000000258d9c
0x000000006357f1d8:   00007ffe7975a690 0000000000000006
0x000000006357f1e8:   0000000024bba040 00000000229f9800
0x000000006357f1f8:   0000000000000000 0000000000258d9c
0x000000006357f208:   0000000000000008 000000001a79eac0
0x000000006357f218:   00000000532aa403 00000000229f99f8
0x000000006357f228:   000000006357f300 0000000024bba040
0x000000006357f238:   00000000000012e8 0000000000000000
0x000000006357f248:   00000000eef17528 00000000c0f33040
0x000000006357f258:   fffffffffffffffe 000000006357f330
0x000000006357f268:   0000000025895028 0000000000000000
0x000000006357f278:   0000000004c68c67 0000000025895030
0x000000006357f288:   000000003d6e9593 00000000000012e8
0x000000006357f298:   0000000024bba040 00000000c175ab20
0x000000006357f2a8:   00000000086de284 00000000c00bc9c8 

Instructions: (pc=0x00000000534dc145)
0x00000000534dc125:   c8 88 01 f6 c1 02 74 0f 48 83 e9 02 66 8b 04 0a
0x00000000534dc135:   49 83 e8 02 66 89 01 f6 c1 04 74 0d 48 83 e9 04
0x00000000534dc145:   8b 04 0a 49 83 e8 04 89 01 4d 8b c8 49 c1 e9 05
0x00000000534dc155:   75 50 4d 8b c8 49 c1 e9 03 74 14 48 83 e9 08 48 


Register to memory mapping:

RAX=0x0000000000000010 is an unknown value
RBX=0x00000000229f9800 is a thread
RCX=0x00000000ef1e5180 is an oop

[error occurred during error reporting (printing register info), id 0xc0000005]

Stack: [0x0000000063380000,0x0000000063580000],  sp=0x000000006357f1b8,  free space=2044k
Native frames: (J=compiled Java code, j=interpreted, Vv=VM code, C=native code)
C  [MSVCR100.dll+0x3c145]
V  [jvm.dll+0x15c501]
C  [awt.dll+0x8a403]
C  0x0000000004c68c67

Java frames: (J=compiled Java code, j=interpreted, Vv=VM code)
j  sun.awt.windows.WClipboard.getClipboardData(J)[B+0
j  sun.awt.datatransfer.ClipboardTransferable.fetchOneFlavor(Lsun/awt/datatransfer/SunClipboard;Ljava/awt/datatransfer/DataFlavor;Ljava/lang/Long;Ljava/util/HashMap;)Z+32
j  sun.awt.datatransfer.ClipboardTransferable.<init>(Lsun/awt/datatransfer/SunClipboard;)V+122
J 36685 C1 sun.awt.datatransfer.SunClipboard.getContents(Ljava/lang/Object;)Ljava/awt/datatransfer/Transferable; (21 bytes) @ 0x000000000be5bc4c [0x000000000be5ba40+0x20c]
J 37085 C1 org.netbeans.NbClipboard$GetContents.run()V (94 bytes) @ 0x0000000007d80714 [0x0000000007d80120+0x5f4]
J 31177 C2 org.netbeans.modules.openide.util.GlobalLookup.execute(Lorg/openide/util/Lookup;Ljava/lang/Runnable;)Z (60 bytes) @ 0x000000000aa3afc0 [0x000000000aa3ad00+0x2c0]
J 42760 C2 org.openide.util.RequestProcessor$Processor.run()V (512 bytes) @ 0x000000000d25ff84 [0x000000000d25fa80+0x504]
v  ~StubRoutines::call_stub

---------------  P R O C E S S  ---------------

Java Threads: ( => current thread )
=>0x00000000229f9800 JavaThread "System clipboard synchronizer" daemon [_thread_in_vm, id=11472, stack(0x0000000063380000,0x0000000063580000)]
  0x0000000022a00800 JavaThread "Explorer Actions" daemon [_thread_blocked, id=16896, stack(0x0000000063180000,0x0000000063380000)]
  0x0000000022a05000 JavaThread "Swing-Shell" daemon [_thread_blocked, id=5420, stack(0x000000005f780000,0x000000005f980000)]
  0x000000001fbc4800 JavaThread "TimerQueue" daemon [_thread_blocked, id=8796, stack(0x0000000027f00000,0x0000000028100000)]
  0x000000001fbc1800 JavaThread "Worker-JM" [_thread_blocked, id=1464, stack(0x0000000027860000,0x0000000027a60000)]
  0x000000001fbc3000 JavaThread "Framework Event Dispatcher" daemon [_thread_blocked, id=20416, stack(0x0000000027660000,0x0000000027860000)]
  0x000000001fbc8800 JavaThread "Deadlock Detector" [_thread_blocked, id=7892, stack(0x0000000027460000,0x0000000027660000)]
  0x000000001fbc7000 JavaThread "Thread-3" daemon [_thread_blocked, id=8292, stack(0x0000000027260000,0x0000000027460000)]
  0x000000001fbc7800 JavaThread "W32 File Monitor" daemon [_thread_in_native, id=17704, stack(0x0000000025a50000,0x0000000025c50000)]
  0x00000000235bb800 JavaThread "File Watcher" daemon [_thread_blocked, id=5732, stack(0x0000000025650000,0x0000000025850000)]
  0x00000000235bc000 JavaThread "Editor Parsing Loop (201609300101)" daemon [_thread_blocked, id=7548, stack(0x00000000249b0000,0x0000000024bb0000)]
  0x00000000235bf000 JavaThread "State Data Manager" daemon [_thread_blocked, id=12464, stack(0x0000000023fb0000,0x00000000241b0000)]
  0x00000000235be800 JavaThread "Framework Active Thread" [_thread_blocked, id=9252, stack(0x0000000023db0000,0x0000000023fb0000)]
  0x000000001a81a000 JavaThread "AWT-EventQueue-0" [_thread_blocked, id=2408, stack(0x000000001f7d0000,0x000000001f9d0000)]
  0x000000001a79d800 JavaThread "AWT-Windows" daemon [_thread_in_native, id=6764, stack(0x000000001ebe0000,0x000000001ede0000)]
  0x000000001a79c800 JavaThread "AWT-Shutdown" [_thread_blocked, id=21948, stack(0x000000001e9e0000,0x000000001ebe0000)]
  0x000000001a79a000 JavaThread "Java2D Disposer" daemon [_thread_blocked, id=16596, stack(0x000000001e7e0000,0x000000001e9e0000)]
  0x000000001a705800 JavaThread "RequestProcessor queue manager" daemon [_thread_blocked, id=18576, stack(0x000000001e3e0000,0x000000001e5e0000)]
  0x000000001a4d0000 JavaThread "CLI Requests Server" daemon [_thread_in_native, id=5728, stack(0x000000001dde0000,0x000000001dfe0000)]
  0x000000001a27b800 JavaThread "Active Reference Queue Daemon" daemon [_thread_blocked, id=11176, stack(0x000000001a980000,0x000000001ab80000)]
  0x00000000199a8800 JavaThread "Service Thread" daemon [_thread_blocked, id=20956, stack(0x0000000019d80000,0x0000000019f80000)]
  0x000000001772c000 JavaThread "C1 CompilerThread2" daemon [_thread_blocked, id=8848, stack(0x0000000019780000,0x0000000019980000)]
  0x0000000017725800 JavaThread "C2 CompilerThread1" daemon [_thread_blocked, id=15388, stack(0x0000000019480000,0x0000000019680000)]
  0x0000000017721800 JavaThread "C2 CompilerThread0" daemon [_thread_blocked, id=18860, stack(0x0000000019280000,0x0000000019480000)]
  0x0000000017720000 JavaThread "Attach Listener" daemon [_thread_blocked, id=17236, stack(0x0000000019080000,0x0000000019280000)]
  0x000000001771e800 JavaThread "Signal Dispatcher" daemon [_thread_blocked, id=13100, stack(0x0000000018e80000,0x0000000019080000)]
  0x000000001770a000 JavaThread "Finalizer" daemon [_thread_blocked, id=16860, stack(0x0000000018b80000,0x0000000018d80000)]
  0x0000000004c43800 JavaThread "Reference Handler" daemon [_thread_blocked, id=16700, stack(0x0000000018980000,0x0000000018b80000)]
  0x0000000004b54800 JavaThread "main" [_thread_blocked, id=16196, stack(0x0000000000580000,0x0000000000780000)]

Other Threads:
  0x00000000176e7800 VMThread [stack: 0x0000000018780000,0x0000000018980000] [id=3800]
  0x00000000199d2000 WatcherThread [stack: 0x0000000019f80000,0x000000001a180000] [id=10080]

VM state:not at safepoint (normal execution)

VM Mutex/Monitor currently owned by a thread: None

Heap:
 PSYoungGen      total 308224K, used 98094K [0x00000000eab00000, 0x0000000100000000, 0x0000000100000000)
  eden space 282624K, 25% used [0x00000000eab00000,0x00000000ef1e5188,0x00000000fbf00000)
  from space 25600K, 99% used [0x00000000fbf00000,0x00000000fd7e6760,0x00000000fd800000)
  to   space 33792K, 0% used [0x00000000fdf00000,0x00000000fdf00000,0x0000000100000000)
 ParOldGen       total 232960K, used 161464K [0x00000000c0000000, 0x00000000ce380000, 0x00000000eab00000)
  object space 232960K, 69% used [0x00000000c0000000,0x00000000c9dae0f0,0x00000000ce380000)
 Metaspace       used 140482K, capacity 155514K, committed 155992K, reserved 1183744K
  class space    used 16633K, capacity 20946K, committed 21120K, reserved 1048576K

Card table byte_map: [0x0000000014010000,0x0000000014220000] byte_map_base: 0x0000000013a10000

Marking Bits: (ParMarkBitMap*) 0x0000000053d9f860
 Begin Bits: [0x0000000014b80000, 0x0000000015b80000)
 End Bits:   [0x0000000015b80000, 0x0000000016b80000)

Polling page: 0x00000000001f0000

CodeCache: size=245760Kb used=149670Kb max_used=150081Kb free=96089Kb
 bounds [0x0000000004c50000, 0x000000000dfd0000, 0x0000000013c50000]
 total_blobs=32129 nmethods=31216 adapters=820
 compilation: enabled

Compilation events (10 events):
Event: 63385.144 Thread 0x000000001772c000 47110   !   3       org.netbeans.modules.masterfs.watcher.Watcher$Ext::run (290 bytes)
Event: 63385.148 Thread 0x000000001772c000 nmethod 47110 0x000000000d9932d0 code [0x000000000d993720, 0x000000000d996328]
Event: 64677.287 Thread 0x000000001772c000 47111 % !   3       org.netbeans.modules.masterfs.watcher.windows.WindowsNotifier$2::run @ 0 (53 bytes)
Event: 64677.292 Thread 0x000000001772c000 nmethod 47111% 0x0000000007e66090 code [0x0000000007e662a0, 0x0000000007e66cb8]
Event: 64893.373 Thread 0x0000000017721800 47112   !   4       com.sun.jna.Structure::useMemory (134 bytes)
Event: 64893.391 Thread 0x0000000017721800 nmethod 47112 0x0000000005c281d0 code [0x0000000005c283c0, 0x0000000005c28ea8]
Event: 65086.420 Thread 0x000000001772c000 47113   !   3       org.netbeans.modules.masterfs.watcher.windows.WindowsNotifier$2::run (53 bytes)
Event: 65086.421 Thread 0x000000001772c000 nmethod 47113 0x000000000cf648d0 code [0x000000000cf64ae0, 0x000000000cf65498]
Event: 65942.045 Thread 0x0000000017725800 47114   !   4       com.sun.jna.Structure::initializeField (84 bytes)
Event: 65942.049 Thread 0x0000000017725800 nmethod 47114 0x000000000711f290 code [0x000000000711f3e0, 0x000000000711f518]

GC Heap History (10 events):
Event: 19048.495 GC heap before
{Heap before GC invocations=370 (full 7):
 PSYoungGen      total 314368K, used 297978K [0x00000000eab00000, 0x00000000ffd80000, 0x0000000100000000)
  eden space 281600K, 100% used [0x00000000eab00000,0x00000000fbe00000,0x00000000fbe00000)
  from space 32768K, 49% used [0x00000000fdd80000,0x00000000fed7e818,0x00000000ffd80000)
  to   space 32256K, 0% used [0x00000000fbe00000,0x00000000fbe00000,0x00000000fdd80000)
 ParOldGen       total 232960K, used 159770K [0x00000000c0000000, 0x00000000ce380000, 0x00000000eab00000)
  object space 232960K, 68% used [0x00000000c0000000,0x00000000c9c068e0,0x00000000ce380000)
 Metaspace       used 139943K, capacity 154838K, committed 155224K, reserved 1183744K
  class space    used 16507K, capacity 20772K, committed 20864K, reserved 1048576K
Event: 19048.514 GC heap after
Heap after GC invocations=370 (full 7):
 PSYoungGen      total 313856K, used 19825K [0x00000000eab00000, 0x00000000ffd80000, 0x0000000100000000)
  eden space 281600K, 0% used [0x00000000eab00000,0x00000000eab00000,0x00000000fbe00000)
  from space 32256K, 61% used [0x00000000fbe00000,0x00000000fd15c798,0x00000000fdd80000)
  to   space 31232K, 0% used [0x00000000fdf00000,0x00000000fdf00000,0x00000000ffd80000)
 ParOldGen       total 232960K, used 160782K [0x00000000c0000000, 0x00000000ce380000, 0x00000000eab00000)
  object space 232960K, 69% used [0x00000000c0000000,0x00000000c9d039f8,0x00000000ce380000)
 Metaspace       used 139943K, capacity 154838K, committed 155224K, reserved 1183744K
  class space    used 16507K, capacity 20772K, committed 20864K, reserved 1048576K
}
Event: 59629.443 GC heap before
{Heap before GC invocations=371 (full 7):
 PSYoungGen      total 313856K, used 301425K [0x00000000eab00000, 0x00000000ffd80000, 0x0000000100000000)
  eden space 281600K, 100% used [0x00000000eab00000,0x00000000fbe00000,0x00000000fbe00000)
  from space 32256K, 61% used [0x00000000fbe00000,0x00000000fd15c798,0x00000000fdd80000)
  to   space 31232K, 0% used [0x00000000fdf00000,0x00000000fdf00000,0x00000000ffd80000)
 ParOldGen       total 232960K, used 160782K [0x00000000c0000000, 0x00000000ce380000, 0x00000000eab00000)
  object space 232960K, 69% used [0x00000000c0000000,0x00000000c9d039f8,0x00000000ce380000)
 Metaspace       used 140461K, capacity 155444K, committed 155992K, reserved 1183744K
  class space    used 16631K, capacity 20945K, committed 21120K, reserved 1048576K
Event: 59629.474 GC heap after
Heap after GC invocations=371 (full 7):
 PSYoungGen      total 315392K, used 23406K [0x00000000eab00000, 0x00000000ffe80000, 0x0000000100000000)
  eden space 284160K, 0% used [0x00000000eab00000,0x00000000eab00000,0x00000000fc080000)
  from space 31232K, 74% used [0x00000000fdf00000,0x00000000ff5dbae8,0x00000000ffd80000)
  to   space 31232K, 0% used [0x00000000fc080000,0x00000000fc080000,0x00000000fdf00000)
 ParOldGen       total 232960K, used 160958K [0x00000000c0000000, 0x00000000ce380000, 0x00000000eab00000)
  object space 232960K, 69% used [0x00000000c0000000,0x00000000c9d2f9f8,0x00000000ce380000)
 Metaspace       used 140461K, capacity 155444K, committed 155992K, reserved 1183744K
  class space    used 16631K, capacity 20945K, committed 21120K, reserved 1048576K
}
Event: 59804.907 GC heap before
{Heap before GC invocations=372 (full 7):
 PSYoungGen      total 315392K, used 307566K [0x00000000eab00000, 0x00000000ffe80000, 0x0000000100000000)
  eden space 284160K, 100% used [0x00000000eab00000,0x00000000fc080000,0x00000000fc080000)
  from space 31232K, 74% used [0x00000000fdf00000,0x00000000ff5dbae8,0x00000000ffd80000)
  to   space 31232K, 0% used [0x00000000fc080000,0x00000000fc080000,0x00000000fdf00000)
 ParOldGen       total 232960K, used 160958K [0x00000000c0000000, 0x00000000ce380000, 0x00000000eab00000)
  object space 232960K, 69% used [0x00000000c0000000,0x00000000c9d2f9f8,0x00000000ce380000)
 Metaspace       used 140471K, capacity 155514K, committed 155992K, reserved 1183744K
  class space    used 16633K, capacity 20946K, committed 21120K, reserved 1048576K
Event: 59804.952 GC heap after
Heap after GC invocations=372 (full 7):
 PSYoungGen      total 315392K, used 27356K [0x00000000eab00000, 0x0000000100000000, 0x0000000100000000)
  eden space 284160K, 0% used [0x00000000eab00000,0x00000000eab00000,0x00000000fc080000)
  from space 31232K, 87% used [0x00000000fc080000,0x00000000fdb37260,0x00000000fdf00000)
  to   space 32768K, 0% used [0x00000000fe000000,0x00000000fe000000,0x0000000100000000)
 ParOldGen       total 232960K, used 161328K [0x00000000c0000000, 0x00000000ce380000, 0x00000000eab00000)
  object space 232960K, 69% used [0x00000000c0000000,0x00000000c9d8c0f0,0x00000000ce380000)
 Metaspace       used 140471K, capacity 155514K, committed 155992K, reserved 1183744K
  class space    used 16633K, capacity 20946K, committed 21120K, reserved 1048576K
}
Event: 61339.296 GC heap before
{Heap before GC invocations=373 (full 7):
 PSYoungGen      total 315392K, used 311516K [0x00000000eab00000, 0x0000000100000000, 0x0000000100000000)
  eden space 284160K, 100% used [0x00000000eab00000,0x00000000fc080000,0x00000000fc080000)
  from space 31232K, 87% used [0x00000000fc080000,0x00000000fdb37260,0x00000000fdf00000)
  to   space 32768K, 0% used [0x00000000fe000000,0x00000000fe000000,0x0000000100000000)
 ParOldGen       total 232960K, used 161328K [0x00000000c0000000, 0x00000000ce380000, 0x00000000eab00000)
  object space 232960K, 69% used [0x00000000c0000000,0x00000000c9d8c0f0,0x00000000ce380000)
 Metaspace       used 140472K, capacity 155514K, committed 155992K, reserved 1183744K
  class space    used 16633K, capacity 20946K, committed 21120K, reserved 1048576K
Event: 61339.339 GC heap after
Heap after GC invocations=373 (full 7):
 PSYoungGen      total 315392K, used 25067K [0x00000000eab00000, 0x0000000100000000, 0x0000000100000000)
  eden space 282624K, 0% used [0x00000000eab00000,0x00000000eab00000,0x00000000fbf00000)
  from space 32768K, 76% used [0x00000000fe000000,0x00000000ff87aef0,0x0000000100000000)
  to   space 33280K, 0% used [0x00000000fbf00000,0x00000000fbf00000,0x00000000fdf80000)
 ParOldGen       total 232960K, used 161392K [0x00000000c0000000, 0x00000000ce380000, 0x00000000eab00000)
  object space 232960K, 69% used [0x00000000c0000000,0x00000000c9d9c0f0,0x00000000ce380000)
 Metaspace       used 140472K, capacity 155514K, committed 155992K, reserved 1183744K
  class space    used 16633K, capacity 20946K, committed 21120K, reserved 1048576K
}
Event: 66034.131 GC heap before
{Heap before GC invocations=374 (full 7):
 PSYoungGen      total 315392K, used 307691K [0x00000000eab00000, 0x0000000100000000, 0x0000000100000000)
  eden space 282624K, 100% used [0x00000000eab00000,0x00000000fbf00000,0x00000000fbf00000)
  from space 32768K, 76% used [0x00000000fe000000,0x00000000ff87aef0,0x0000000100000000)
  to   space 33280K, 0% used [0x00000000fbf00000,0x00000000fbf00000,0x00000000fdf80000)
 ParOldGen       total 232960K, used 161392K [0x00000000c0000000, 0x00000000ce380000, 0x00000000eab00000)
  object space 232960K, 69% used [0x00000000c0000000,0x00000000c9d9c0f0,0x00000000ce380000)
 Metaspace       used 140482K, capacity 155514K, committed 155992K, reserved 1183744K
  class space    used 16633K, capacity 20946K, committed 21120K, reserved 1048576K
Event: 66034.269 GC heap after
Heap after GC invocations=374 (full 7):
 PSYoungGen      total 308224K, used 25497K [0x00000000eab00000, 0x0000000100000000, 0x0000000100000000)
  eden space 282624K, 0% used [0x00000000eab00000,0x00000000eab00000,0x00000000fbf00000)
  from space 25600K, 99% used [0x00000000fbf00000,0x00000000fd7e6760,0x00000000fd800000)
  to   space 33792K, 0% used [0x00000000fdf00000,0x00000000fdf00000,0x0000000100000000)
 ParOldGen       total 232960K, used 161464K [0x00000000c0000000, 0x00000000ce380000, 0x00000000eab00000)
  object space 232960K, 69% used [0x00000000c0000000,0x00000000c9dae0f0,0x00000000ce380000)
 Metaspace       used 140482K, capacity 155514K, committed 155992K, reserved 1183744K
  class space    used 16633K, capacity 20946K, committed 21120K, reserved 1048576K
}

Deoptimization events (10 events):
Event: 59768.836 Thread 0x000000001fbc7800 Uncommon trap: reason=null_check action=make_not_entrant pc=0x000000000dfc5958 method=com.sun.jna.Structure.deriveLayout(ZZ)Lcom/sun/jna/Structure$LayoutInfo; @ 916
Event: 61339.252 Thread 0x00000000229f9800 Uncommon trap: reason=unstable_if action=reinterpret pc=0x000000000ccbf0dc method=java.awt.datatransfer.DataFlavor.hashCode()I @ 86
Event: 61339.252 Thread 0x00000000229f9800 Uncommon trap: reason=unstable_if action=reinterpret pc=0x00000000082a8bfc method=sun.reflect.misc.ReflectUtil.checkPackageAccess(Ljava/lang/String;)V @ 63
Event: 61339.268 Thread 0x00000000229f9800 Uncommon trap: reason=bimorphic action=maybe_recompile pc=0x0000000006936f6c method=java.util.Objects.equals(Ljava/lang/Object;Ljava/lang/Object;)Z @ 11
Event: 61339.268 Thread 0x00000000229f9800 Uncommon trap: reason=bimorphic action=maybe_recompile pc=0x0000000006936f6c method=java.util.Objects.equals(Ljava/lang/Object;Ljava/lang/Object;)Z @ 11
Event: 61339.268 Thread 0x00000000229f9800 Uncommon trap: reason=bimorphic action=maybe_recompile pc=0x0000000006936f6c method=java.util.Objects.equals(Ljava/lang/Object;Ljava/lang/Object;)Z @ 11
Event: 61339.268 Thread 0x00000000229f9800 Uncommon trap: reason=bimorphic action=maybe_recompile pc=0x0000000006936f6c method=java.util.Objects.equals(Ljava/lang/Object;Ljava/lang/Object;)Z @ 11
Event: 61339.361 Thread 0x00000000229f9800 Uncommon trap: reason=unstable_if action=reinterpret pc=0x000000000c56a97c method=sun.awt.datatransfer.DataTransferer.canonicalName(Ljava/lang/String;)Ljava/lang/String; @ 1
Event: 61339.362 Thread 0x00000000229f9800 Uncommon trap: reason=null_check action=make_not_entrant pc=0x000000000aacb3c0 method=java.util.Objects.equals(Ljava/lang/Object;Ljava/lang/Object;)Z @ 11
Event: 61339.362 Thread 0x00000000229f9800 Uncommon trap: reason=unstable_if action=reinterpret pc=0x00000000054a7c54 method=java.util.Objects.equals(Ljava/lang/Object;Ljava/lang/Object;)Z @ 6

Classes redefined (0 events):
No events

Internal exceptions (10 events):
Event: 59649.841 Thread 0x0000000033d2d800 Exception <a 'sun/nio/fs/WindowsException'> (0x00000000ebc60cb8) thrown at [C:\re\workspace\8-2-build-windows-amd64-cygwin\jdk8u161\10277\hotspot\src\share\vm\prims\jni.cpp, line 709]
Event: 59649.841 Thread 0x0000000033d2d800 Exception <a 'sun/nio/fs/WindowsException'> (0x00000000ebc643b8) thrown at [C:\re\workspace\8-2-build-windows-amd64-cygwin\jdk8u161\10277\hotspot\src\share\vm\prims\jni.cpp, line 709]
Event: 59649.841 Thread 0x0000000033d2d800 Exception <a 'sun/nio/fs/WindowsException'> (0x00000000ebc72978) thrown at [C:\re\workspace\8-2-build-windows-amd64-cygwin\jdk8u161\10277\hotspot\src\share\vm\prims\jni.cpp, line 709]
Event: 59654.446 Thread 0x0000000022a00800 Exception <a 'java/io/FileNotFoundException'> (0x00000000ee29fac0) thrown at [C:\re\workspace\8-2-build-windows-amd64-cygwin\jdk8u161\10277\hotspot\src\share\vm\prims\jni.cpp, line 709]
Event: 59654.446 Thread 0x0000000022a00800 Exception <a 'java/io/FileNotFoundException'> (0x00000000ee2a07d8) thrown at [C:\re\workspace\8-2-build-windows-amd64-cygwin\jdk8u161\10277\hotspot\src\share\vm\prims\jni.cpp, line 709]
Event: 59654.446 Thread 0x0000000022a00800 Exception <a 'java/io/FileNotFoundException'> (0x00000000ee2a15a8) thrown at [C:\re\workspace\8-2-build-windows-amd64-cygwin\jdk8u161\10277\hotspot\src\share\vm\prims\jni.cpp, line 709]
Event: 59654.446 Thread 0x0000000022a00800 Exception <a 'java/io/FileNotFoundException'> (0x00000000ee2a23a8) thrown at [C:\re\workspace\8-2-build-windows-amd64-cygwin\jdk8u161\10277\hotspot\src\share\vm\prims\jni.cpp, line 709]
Event: 59654.446 Thread 0x0000000022a00800 Exception <a 'java/io/FileNotFoundException'> (0x00000000ee2a31d8) thrown at [C:\re\workspace\8-2-build-windows-amd64-cygwin\jdk8u161\10277\hotspot\src\share\vm\prims\jni.cpp, line 709]
Event: 59958.315 Thread 0x000000001a79d800 Exception <a 'java/lang/IllegalStateException': cannot open system clipboard> (0x00000000f1037cb8) thrown at [C:\re\workspace\8-2-build-windows-amd64-cygwin\jdk8u161\10277\hotspot\src\share\vm\prims\jni.cpp, line 735]
Event: 61339.362 Thread 0x00000000229f9800 Implicit null exception at 0x000000000aaca156 to 0x000000000aacb3b1

Events (10 events):
Event: 66891.220 Executing VM operation: FindDeadlocks done
Event: 66893.220 Executing VM operation: FindDeadlocks
Event: 66893.220 Executing VM operation: FindDeadlocks done
Event: 66895.221 Executing VM operation: FindDeadlocks
Event: 66895.221 Executing VM operation: FindDeadlocks done
Event: 66897.221 Executing VM operation: FindDeadlocks
Event: 66897.221 Executing VM operation: FindDeadlocks done
Event: 66899.221 Executing VM operation: FindDeadlocks
Event: 66899.222 Executing VM operation: FindDeadlocks done
Event: 66899.456 Thread 0x00000000229f9800 Thread added: 0x00000000229f9800


Dynamic libraries:
0x0000000000400000 - 0x0000000000580000 	C:\Program Files\NetBeans 8.2\bin\netbeans64.exe
0x00007ffe7c110000 - 0x00007ffe7c2f0000 	C:\WINDOWS\SYSTEM32\ntdll.dll
0x00007ffe475a0000 - 0x00007ffe475d4000 	C:\Program Files\AVAST Software\Avast\x64\aswhooka.dll
0x00007ffe79730000 - 0x00007ffe797de000 	C:\WINDOWS\System32\KERNEL32.DLL
0x00007ffe78d10000 - 0x00007ffe78f76000 	C:\WINDOWS\System32\KERNELBASE.dll
0x00007ffe75be0000 - 0x00007ffe75c68000 	C:\WINDOWS\SYSTEM32\apphelp.dll
0x00007ffe60f80000 - 0x00007ffe60fd7000 	C:\WINDOWS\SYSTEM32\AcGenral.dll
0x00007ffe79940000 - 0x00007ffe799dd000 	C:\WINDOWS\System32\msvcrt.dll
0x00007ffe7c080000 - 0x00007ffe7c0db000 	C:\WINDOWS\System32\sechost.dll
0x00007ffe7b580000 - 0x00007ffe7b69f000 	C:\WINDOWS\System32\RPCRT4.dll
0x00007ffe79870000 - 0x00007ffe798c1000 	C:\WINDOWS\System32\SHLWAPI.dll
0x00007ffe799e0000 - 0x00007ffe79ce8000 	C:\WINDOWS\System32\combase.dll
0x00007ffe78f80000 - 0x00007ffe79076000 	C:\WINDOWS\System32\ucrtbase.dll
0x00007ffe79500000 - 0x00007ffe79572000 	C:\WINDOWS\System32\bcryptPrimitives.dll
0x00007ffe7bb50000 - 0x00007ffe7bb78000 	C:\WINDOWS\System32\GDI32.dll
0x00007ffe79140000 - 0x00007ffe792d3000 	C:\WINDOWS\System32\gdi32full.dll
0x00007ffe790a0000 - 0x00007ffe7913b000 	C:\WINDOWS\System32\msvcp_win.dll
0x00007ffe7bb80000 - 0x00007ffe7bd0f000 	C:\WINDOWS\System32\USER32.dll
0x00007ffe79080000 - 0x00007ffe790a0000 	C:\WINDOWS\System32\win32u.dll
0x00007ffe795e0000 - 0x00007ffe79729000 	C:\WINDOWS\System32\ole32.dll
0x00007ffe79f10000 - 0x00007ffe7b346000 	C:\WINDOWS\System32\SHELL32.dll
0x00007ffe792e0000 - 0x00007ffe7932a000 	C:\WINDOWS\System32\cfgmgr32.dll
0x00007ffe79e60000 - 0x00007ffe79f06000 	C:\WINDOWS\System32\shcore.dll
0x00007ffe78510000 - 0x00007ffe78c57000 	C:\WINDOWS\System32\windows.storage.dll
0x00007ffe7bd10000 - 0x00007ffe7bdb1000 	C:\WINDOWS\System32\advapi32.dll
0x00007ffe784f0000 - 0x00007ffe78501000 	C:\WINDOWS\System32\kernel.appcore.dll
0x00007ffe78460000 - 0x00007ffe784ac000 	C:\WINDOWS\System32\powrprof.dll
0x00007ffe784d0000 - 0x00007ffe784eb000 	C:\WINDOWS\System32\profapi.dll
0x00007ffe78360000 - 0x00007ffe78390000 	C:\WINDOWS\SYSTEM32\SspiCli.dll
0x00007ffe78390000 - 0x00007ffe783b9000 	C:\WINDOWS\SYSTEM32\USERENV.dll
0x00007ffe61ae0000 - 0x00007ffe61afb000 	C:\WINDOWS\SYSTEM32\MPR.dll
0x00007ffe7b530000 - 0x00007ffe7b55d000 	C:\WINDOWS\System32\IMM32.DLL
0x00007ffe57350000 - 0x00007ffe573b5000 	C:\WINDOWS\SYSTEM32\ninput.dll
0x00007ffe7b460000 - 0x00007ffe7b525000 	C:\WINDOWS\System32\OLEAUT32.dll
0x0000000053e20000 - 0x0000000053f73000 	C:\Program Files\NetBeans 8.2\platform\lib\nbexec64.dll
0x0000000053580000 - 0x0000000053e1f000 	C:\Program Files\Java\jdk1.8.0_161\jre\bin\server\jvm.dll
0x00007ffe797e0000 - 0x00007ffe797e8000 	C:\WINDOWS\System32\PSAPI.DLL
0x00007ffe77100000 - 0x00007ffe77109000 	C:\WINDOWS\SYSTEM32\WSOCK32.dll
0x00007ffe7b3f0000 - 0x00007ffe7b45c000 	C:\WINDOWS\System32\WS2_32.dll
0x00007ffe6e670000 - 0x00007ffe6e693000 	C:\WINDOWS\SYSTEM32\WINMM.dll
0x00007ffe6e400000 - 0x00007ffe6e40a000 	C:\WINDOWS\SYSTEM32\VERSION.dll
0x00000000534a0000 - 0x0000000053572000 	C:\Program Files\Java\jdk1.8.0_161\jre\bin\MSVCR100.dll
0x00007ffe6e070000 - 0x00007ffe6e09a000 	C:\WINDOWS\SYSTEM32\WINMMBASE.dll
0x0000000053460000 - 0x0000000053498000 	C:\Program Files\Java\jdk1.8.0_161\jre\bin\splashscreen.dll
0x0000000053450000 - 0x000000005345f000 	C:\Program Files\Java\jdk1.8.0_161\jre\bin\verify.dll
0x0000000053420000 - 0x0000000053449000 	C:\Program Files\Java\jdk1.8.0_161\jre\bin\java.dll
0x0000000053400000 - 0x0000000053416000 	C:\Program Files\Java\jdk1.8.0_161\jre\bin\zip.dll
0x00000000533e0000 - 0x00000000533fa000 	C:\Program Files\Java\jdk1.8.0_161\jre\bin\net.dll
0x00007ffe77cf0000 - 0x00007ffe77d56000 	C:\WINDOWS\system32\mswsock.dll
0x00000000533c0000 - 0x00000000533d1000 	C:\Program Files\Java\jdk1.8.0_161\jre\bin\nio.dll
0x00007ffe77a80000 - 0x00007ffe77ab9000 	C:\WINDOWS\SYSTEM32\IPHLPAPI.DLL
0x00007ffe79930000 - 0x00007ffe79938000 	C:\WINDOWS\System32\NSI.dll
0x00007ffe71f20000 - 0x00007ffe71f36000 	C:\WINDOWS\SYSTEM32\dhcpcsvc6.DLL
0x00007ffe720f0000 - 0x00007ffe7210a000 	C:\WINDOWS\SYSTEM32\dhcpcsvc.DLL
0x0000000053220000 - 0x00000000533b8000 	C:\Program Files\Java\jdk1.8.0_161\jre\bin\awt.dll
0x00007ffe77eb0000 - 0x00007ffe77ec7000 	C:\WINDOWS\SYSTEM32\CRYPTSP.dll
0x00007ffe778f0000 - 0x00007ffe77923000 	C:\WINDOWS\system32\rsaenh.dll
0x00007ffe77fc0000 - 0x00007ffe77fe5000 	C:\WINDOWS\SYSTEM32\bcrypt.dll
0x00007ffe77ed0000 - 0x00007ffe77edb000 	C:\WINDOWS\SYSTEM32\CRYPTBASE.dll
0x00007ffe76930000 - 0x00007ffe7695a000 	C:\WINDOWS\system32\DWMAPI.DLL
0x00007ffe76100000 - 0x00007ffe76195000 	C:\WINDOWS\system32\uxtheme.dll
0x00007ffe56d60000 - 0x00007ffe56e7e000 	C:\WINDOWS\system32\opengl32.dll
0x00007ffe614a0000 - 0x00007ffe614cc000 	C:\WINDOWS\SYSTEM32\GLU32.dll
0x00007ffe6c470000 - 0x00007ffe6c6d9000 	C:\WINDOWS\WinSxS\amd64_microsoft.windows.common-controls_6595b64144ccf1df_6.0.16299.309_none_15cfd4c4935e6b11\COMCTL32.dll
0x00007ffe79cf0000 - 0x00007ffe79e57000 	C:\WINDOWS\System32\MSCTF.dll
0x00007ffe6e460000 - 0x00007ffe6e476000 	C:\WINDOWS\system32\napinsp.dll
0x00007ffe614d0000 - 0x00007ffe614ea000 	C:\WINDOWS\system32\pnrpnsp.dll
0x00007ffe72800000 - 0x00007ffe72818000 	C:\WINDOWS\system32\NLAapi.dll
0x00007ffe77ac0000 - 0x00007ffe77b76000 	C:\WINDOWS\SYSTEM32\DNSAPI.dll
0x00007ffe6f4c0000 - 0x00007ffe6f4ce000 	C:\WINDOWS\System32\winrnr.dll
0x00007ffe4c950000 - 0x00007ffe4c965000 	C:\WINDOWS\System32\wshbth.dll
0x00007ffe705e0000 - 0x00007ffe705ea000 	C:\Windows\System32\rasadhlp.dll
0x00007ffe70b10000 - 0x00007ffe70b80000 	C:\WINDOWS\System32\fwpuclnt.dll
0x00000000531d0000 - 0x0000000053217000 	C:\Program Files\Java\jdk1.8.0_161\jre\bin\fontmanager.dll
0x00007ffe68720000 - 0x00007ffe687b8000 	C:\WINDOWS\System32\TextInputFramework.dll
0x00007ffe68240000 - 0x00007ffe6852e000 	C:\WINDOWS\System32\CoreUIComponents.dll
0x00007ffe75350000 - 0x00007ffe7542c000 	C:\WINDOWS\System32\CoreMessaging.dll
0x00007ffe77590000 - 0x00007ffe775c1000 	C:\WINDOWS\SYSTEM32\ntmarta.dll
0x00007ffe742d0000 - 0x00007ffe74406000 	C:\WINDOWS\SYSTEM32\wintypes.dll
0x0000000053180000 - 0x00000000531c2000 	C:\Program Files\Java\jdk1.8.0_161\jre\bin\t2k.dll
0x00007ffe6d2d0000 - 0x00007ffe6d2f5000 	C:\Program Files\NetBeans 8.2\platform\modules\lib\amd64\jnidispatch-422.dll
0x0000000053170000 - 0x000000005317d000 	C:\Program Files\Java\jdk1.8.0_161\jre\bin\management.dll
0x00007ffe72a40000 - 0x00007ffe72b1e000 	C:\WINDOWS\SYSTEM32\winhttp.dll
0x00007ffe69750000 - 0x00007ffe697f6000 	C:\WINDOWS\WinSxS\amd64_microsoft.windows.common-controls_6595b64144ccf1df_5.82.16299.309_none_8875ce284abe80d8\comctl32.dll
0x00007ffe7b350000 - 0x00007ffe7b3ee000 	C:\WINDOWS\System32\clbcatq.dll
0x00007ffe68530000 - 0x00007ffe686db000 	C:\WINDOWS\SYSTEM32\WindowsCodecs.dll
0x00007ffe54560000 - 0x00007ffe545af000 	C:\WINDOWS\system32\dataexchange.dll
0x00007ffe75060000 - 0x00007ffe75342000 	C:\WINDOWS\system32\d3d11.dll
0x00007ffe75570000 - 0x00007ffe756b2000 	C:\WINDOWS\system32\dcomp.dll
0x00007ffe772c0000 - 0x00007ffe7736f000 	C:\WINDOWS\system32\dxgi.dll
0x00007ffe76ab0000 - 0x00007ffe76c2b000 	C:\WINDOWS\system32\twinapi.appcore.dll
0x00007ffe76a20000 - 0x00007ffe76a40000 	C:\WINDOWS\system32\RMCLIENT.dll
0x0000000053140000 - 0x000000005316a000 	C:\Program Files\Java\jdk1.8.0_161\jre\bin\dcpr.dll
0x00007ffe441b0000 - 0x00007ffe44efa000 	C:\WINDOWS\System32\DriverStore\FileRepository\igdlh64.inf_amd64_5000ba0b757b594d\ig9icd64.dll
0x00007ffe770e0000 - 0x00007ffe770f3000 	C:\WINDOWS\SYSTEM32\WTSAPI32.dll
0x0000000053110000 - 0x0000000053134000 	C:\Program Files\Java\jdk1.8.0_161\jre\bin\sunec.dll
0x0000000053100000 - 0x000000005310b000 	C:\Program Files\Java\jdk1.8.0_161\jre\bin\sunmscapi.dll
0x00007ffe79330000 - 0x00007ffe794fe000 	C:\WINDOWS\System32\CRYPT32.dll
0x00007ffe784b0000 - 0x00007ffe784c2000 	C:\WINDOWS\System32\MSASN1.dll
0x00007ffe616a0000 - 0x00007ffe616e4000 	C:\WINDOWS\SYSTEM32\edputil.dll
0x00007ffe61700000 - 0x00007ffe61719000 	C:\WINDOWS\SYSTEM32\CLDAPI.dll
0x00007ffe6ef00000 - 0x00007ffe6ef0a000 	C:\WINDOWS\SYSTEM32\FLTLIB.DLL
0x00007ffe692d0000 - 0x00007ffe69315000 	C:\WINDOWS\SYSTEM32\AEPIC.dll
0x00007ffe762b0000 - 0x00007ffe76461000 	C:\WINDOWS\system32\propsys.dll
0x00007ffe5ef50000 - 0x00007ffe5f077000 	C:\WINDOWS\system32\NetworkExplorer.dll
0x00007ffe6b700000 - 0x00007ffe6bcf4000 	C:\Windows\System32\OneCoreUAPCommonProxyStub.dll
0x00007ffe54210000 - 0x00007ffe5426b000 	C:\Windows\System32\thumbcache.dll
0x00007ffe75de0000 - 0x00007ffe75e5a000 	C:\WINDOWS\SYSTEM32\policymanager.dll
0x00007ffe75990000 - 0x00007ffe75a20000 	C:\WINDOWS\SYSTEM32\msvcp110_win.dll
0x00007ffe61500000 - 0x00007ffe6150b000 	C:\WINDOWS\System32\drprov.dll
0x00007ffe77600000 - 0x00007ffe77655000 	C:\WINDOWS\System32\WINSTA.dll
0x00007ffe5a220000 - 0x00007ffe5a236000 	C:\WINDOWS\System32\ntlanman.dll
0x00007ffe56390000 - 0x00007ffe563ac000 	C:\WINDOWS\System32\davclnt.dll
0x00007ffe614f0000 - 0x00007ffe614fc000 	C:\WINDOWS\System32\DAVHLPR.dll
0x00007ffe724c0000 - 0x00007ffe724d7000 	C:\WINDOWS\System32\wkscli.dll
0x00007ffe6e590000 - 0x00007ffe6e5a2000 	C:\WINDOWS\SYSTEM32\cscapi.dll
0x00007ffe77b80000 - 0x00007ffe77b8e000 	C:\WINDOWS\System32\netutils.dll
0x00007ffe738a0000 - 0x00007ffe738ea000 	C:\Windows\System32\dlnashext.dll
0x00007ffe604a0000 - 0x00007ffe604bf000 	C:\Windows\System32\DevDispItemProvider.dll
0x00007ffe78270000 - 0x00007ffe78297000 	C:\WINDOWS\System32\DEVOBJ.dll
0x00007ffe4bdc0000 - 0x00007ffe4bf9f000 	C:\WINDOWS\system32\wpdshext.dll
0x00007ffe695b0000 - 0x00007ffe6974c000 	C:\WINDOWS\WinSxS\amd64_microsoft.windows.gdiplus_6595b64144ccf1df_1.1.16299.309_none_46bac7a9edf0e4df\gdiplus.dll
0x00007ffe5d480000 - 0x00007ffe5d520000 	C:\Windows\System32\PortableDeviceApi.dll
0x00007ffe7b6a0000 - 0x00007ffe7baee000 	C:\WINDOWS\System32\SETUPAPI.dll
0x00007ffe79580000 - 0x00007ffe795d8000 	C:\WINDOWS\System32\WINTRUST.dll
0x00007ffe643e0000 - 0x00007ffe64416000 	C:\Windows\System32\EhStorShell.dll
0x00007ffe648d0000 - 0x00007ffe648f5000 	C:\Windows\System32\EhStorAPI.dll
0x00007ffe616f0000 - 0x00007ffe61700000 	C:\WINDOWS\SYSTEM32\LINKINFO.dll

VM Arguments:
jvm_args: -Dnetbeans.importclass=org.netbeans.upgrade.AutoUpgrade -Dnetbeans.accept_license_class=org.netbeans.license.AcceptLicense -client -Xss2m -Xms32m -Dapple.laf.useScreenMenuBar=true -Dapple.awt.graphics.UseQuartz=true -Dsun.java2d.noddraw=true -Dsun.java2d.dpiaware=true -Dsun.zip.disableMemoryMapping=true -Xmx1024m -Djdk.home=C:\Program Files\Java\jdk1.8.0_161 -Djdk.launcher.addexports.0=java.desktop/sun.awt=ALL-UNNAMED -Djdk.launcher.addexports.1=java.base/jdk.internal.jrtfs=ALL-UNNAMED -Djdk.launcher.addexports.2=java.desktop/java.awt.peer=ALL-UNNAMED -Djdk.launcher.addexports.3=java.desktop/com.sun.beans.editors=ALL-UNNAMED -Djdk.launcher.addexports.3=java.desktop/sun.awt.im=ALL-UNNAMED -Djdk.launcher.addexports.4=java.desktop/com.sun.java.swing.plaf.windows=ALL-UNNAMED -Djdk.launcher.addexports.5=java.management/sun.management=ALL-UNNAMED -Dnetbeans.home=C:\Program Files\NetBeans 8.2\platform -Dnetbeans.user=C:\Users\Nicho\AppData\Roaming\NetBeans\8.2 -Dnetbeans.default_userdir_root=C:\Users\Nicho\AppData\Roaming\NetBeans -XX:+HeapDumpOnOutOfMemoryError -XX:HeapDumpPath=C:\Users\Nicho\AppData\Roaming\NetBeans\8.2\var\log\heapdump.hprof -Dsun.awt.keepWorkingSetOnMinimize=true -Dnetbeans.dirs=C:\Program Files\NetBeans 8.2\nb;C:\Program Files\NetBeans 8.2\ergonomics;C:\Program Files\NetBeans 8.2\ide;C:\Program Files\NetBeans 8.2\extide;C:\Program Files\NetBeans 8.2\java;C:\Program Files\NetBeans 8.2\apisupport;C:\Program Files\NetBeans 8.2\webcommon;C:\Program Files\NetBeans 8.2\websvccommon;C:\Program Files\NetBeans 8.2\enterprise;C:\Program Files\NetBeans 8.2\mobility;C:\Program Files\NetBeans 8.2\profiler;C:\Program Files\NetBeans 8.2\python;C:\Program Files\NetBeans 8.2\php;C:\Program Files\NetBeans 8.2\identity;C:\Program Files\NetBeans 8.2\harness;C:\Program Files\NetBeans 8.2\cnd;C:\Program Files\NetBeans 8.2\cndext;C:\Program Files\NetBeans 8.2\dlight;C:\Program Files\NetBeans 8.2\groovy;C:\Program Files\NetBeans 8.2\extra;C:\Program Files\NetBeans 8.2\javacard;C:\Program Files\NetBeans 8.2\javafx exit 
java_command: <unknown>
java_class_path (initial): C:\Program Files\NetBeans 8.2\platform\lib\boot.jar;C:\Program Files\NetBeans 8.2\platform\lib\org-openide-modules.jar;C:\Program Files\NetBeans 8.2\platform\lib\org-openide-util-lookup.jar;C:\Program Files\NetBeans 8.2\platform\lib\org-openide-util-ui.jar;C:\Program Files\NetBeans 8.2\platform\lib\org-openide-util.jar;C:\Program Files\NetBeans 8.2\platform\lib\locale\boot_ja.jar;C:\Program Files\NetBeans 8.2\platform\lib\locale\boot_pt_BR.jar;C:\Program Files\NetBeans 8.2\platform\lib\locale\boot_ru.jar;C:\Program Files\NetBeans 8.2\platform\lib\locale\boot_zh_CN.jar;C:\Program Files\NetBeans 8.2\platform\lib\locale\org-openide-modules_ja.jar;C:\Program Files\NetBeans 8.2\platform\lib\locale\org-openide-modules_pt_BR.jar;C:\Program Files\NetBeans 8.2\platform\lib\locale\org-openide-modules_ru.jar;C:\Program Files\NetBeans 8.2\platform\lib\locale\org-openide-modules_zh_CN.jar;C:\Program Files\NetBeans 8.2\platform\lib\locale\org-openide-util-lookup_ja.jar;C:\Program Files\NetBeans 8.2\platform\lib\locale\org-openide-util-lookup_pt_BR.jar;C:\Program Files\NetBeans 8.2\platform\lib\locale\org-openide-util-lookup_ru.jar;C:\Program Files\NetBeans 8.2\platform\lib\locale\org-openide-util-lookup_zh_CN.jar;C:\Program Files\NetBeans 8.2\platform\lib\locale\org-openide-util-ui_ja.jar;C:\Program Files\NetBeans 8.2\platform\lib\locale\org-openide-util-ui_pt_BR.jar;C:\Program Files\NetBeans 8.2\platform\lib\locale\org-openide-util-ui_ru.jar;C:\Program Files\NetBeans 8.2\platform\lib\locale\org-openide-util-ui_zh_CN.jar;C:\Program Files\NetBeans 8.2\platform\lib\locale\org-openide-util_ja.jar;C:\Program Files\NetBeans 8.2\platform\lib\locale\org-openide-util_pt_BR.jar;C:\Program Files\NetBeans 8.2\platform\lib\locale\org-openide-util_ru.jar;C:\Program Files\NetBeans 8.2\platform\lib\locale\org-openide-util_zh_CN.jar;C:\Program Files\Java\jdk1.8.0_161\lib\dt.jar;C:\Program Files\Java\jdk1.8.0_161\lib\tools.jar
Launcher Type: generic

Environment Variables:
PATH=C:\ProgramData\Oracle\Java\javapath;C:\Program Files (x86)\Intel\iCLS Client\;C:\Program Files\Intel\iCLS Client\;C:\Windows\system32;C:\Windows;C:\Windows\System32\Wbem;C:\Windows\System32\WindowsPowerShell\v1.0\;C:\Program Files (x86)\NVIDIA Corporation\PhysX\Common;C:\Program Files (x86)\Intel\Intel(R) Management Engine Components\DAL;C:\Program Files\Intel\Intel(R) Management Engine Components\DAL;C:\Program Files (x86)\Intel\Intel(R) Management Engine Components\IPT;C:\Program Files\Intel\Intel(R) Management Engine Components\IPT;C:\WINDOWS\system32;C:\WINDOWS;C:\WINDOWS\System32\Wbem;C:\WINDOWS\System32\WindowsPowerShell\v1.0\;C:\Program Files\PuTTY\;C:\Users\Nicho\AppData\Local\Microsoft\WindowsApps;C:\Modeltech_pe_edu_10.4a\win32pe_edu;C:\Users\Nicho\AppData\Local\GitHubDesktop\bin
USERNAME=Nicho
OS=Windows_NT
PROCESSOR_IDENTIFIER=Intel64 Family 6 Model 142 Stepping 9, GenuineIntel



---------------  S Y S T E M  ---------------

OS: Windows 10.0 , 64 bit Build 16299 (10.0.16299.15)

CPU:total 4 (initial active 4) (2 cores per cpu, 2 threads per core) family 6 model 142 stepping 9, cmov, cx8, fxsr, mmx, sse, sse2, sse3, ssse3, sse4.1, sse4.2, popcnt, avx, avx2, aes, clmul, erms, 3dnowpref, lzcnt, ht, tsc, tscinvbit, bmi1, bmi2, adx

Memory: 4k page, physical 8266280k(1956424k free), swap 16532560k(4287988k free)

vm_info: Java HotSpot(TM) 64-Bit Server VM (25.161-b12) for windows-amd64 JRE (1.8.0_161-b12), built on Dec 19 2017 17:52:25 by "java_re" with MS VC++ 10.0 (VS2010)

time: Thu May 03 10:00:44 2018
elapsed time: 66899 seconds (0d 18h 34m 59s)

